Build started 6/12/2014 12:08:35 AM.
     1>Project "C:\Users\Qing\Documents\Visual Studio 2012\Projects\NaiveBayesClassifier\NaiveBayesClassifier\NaiveBayesClassifier.vcxproj" on node 2 (Rebuild target(s)).
     1>ClCompile:
         C:\Program Files (x86)\Microsoft Visual Studio 11.0\VC\bin\CL.exe /c /I"C:\Users\Qing\Desktop\pthreads-w32-2-9-1-release" /ZI /nologo /W3 /WX- /Od /Oy- /D _MBCS /Gm /EHsc /RTC1 /MDd /GS /fp:precise /Zc:wchar_t /Zc:forScope /Fo"Debug\\" /Fd"Debug\vc110.pdb" /Gd /TP /analyze- /errorReport:prompt AttrClassifier.cpp ContinuousAttrClassifier.cpp DiscreteAttrClassifier.cpp LableClassifier.cpp Reader.cpp Main.cpp Test.cpp Tools.cpp
         Tools.cpp
         Test.cpp
         Main.cpp
         Reader.cpp
         LableClassifier.cpp
         DiscreteAttrClassifier.cpp
         ContinuousAttrClassifier.cpp
         AttrClassifier.cpp
         Generating Code...
       Link:
         C:\Program Files (x86)\Microsoft Visual Studio 11.0\VC\bin\link.exe /ERRORREPORT:PROMPT /OUT:"C:\Users\Qing\Documents\Visual Studio 2012\Projects\NaiveBayesClassifier\Debug\NaiveBayesClassifier.exe" /INCREMENTAL /NOLOGO kernel32.lib user32.lib gdi32.lib winspool.lib comdlg32.lib advapi32.lib shell32.lib ole32.lib oleaut32.lib uuid.lib odbc32.lib odbccp32.lib /MANIFEST /MANIFESTUAC:"level='asInvoker' uiAccess='false'" /manifest:embed /DEBUG /PDB:"C:\Users\Qing\Documents\Visual Studio 2012\Projects\NaiveBayesClassifier\Debug\NaiveBayesClassifier.pdb" /TLBID:1 /DYNAMICBASE /NXCOMPAT /IMPLIB:"C:\Users\Qing\Documents\Visual Studio 2012\Projects\NaiveBayesClassifier\Debug\NaiveBayesClassifier.lib" /MACHINE:X86 Debug\AttrClassifier.obj
         Debug\ContinuousAttrClassifier.obj
         Debug\DiscreteAttrClassifier.obj
         Debug\LableClassifier.obj
         Debug\Reader.obj
         Debug\Main.obj
         Debug\Test.obj
         Debug\Tools.obj
         NaiveBayesClassifier.vcxproj -> C:\Users\Qing\Documents\Visual Studio 2012\Projects\NaiveBayesClassifier\Debug\NaiveBayesClassifier.exe
     1>Done Building Project "C:\Users\Qing\Documents\Visual Studio 2012\Projects\NaiveBayesClassifier\NaiveBayesClassifier\NaiveBayesClassifier.vcxproj" (Rebuild target(s)).

Build succeeded.

Time Elapsed 00:00:15.56
