C:\USERS\QING\DOCUMENTS\VISUAL STUDIO 2012\PROJECTS\NAIVEBAYESCLASSIFIER\NAIVEBAYESCLASSIFIER\DEBUG\ATTRCLASSIFIER.OBJ
C:\USERS\QING\DOCUMENTS\VISUAL STUDIO 2012\PROJECTS\NAIVEBAYESCLASSIFIER\NAIVEBAYESCLASSIFIER\DEBUG\CONTINUOUSATTRCLASSIFIER.OBJ
C:\USERS\QING\DOCUMENTS\VISUAL STUDIO 2012\PROJECTS\NAIVEBAYESCLASSIFIER\NAIVEBAYESCLASSIFIER\DEBUG\DISCRETEATTRCLASSIFIER.OBJ
C:\USERS\QING\DOCUMENTS\VISUAL STUDIO 2012\PROJECTS\NAIVEBAYESCLASSIFIER\NAIVEBAYESCLASSIFIER\DEBUG\LABLECLASSIFIER.OBJ
C:\USERS\QING\DOCUMENTS\VISUAL STUDIO 2012\PROJECTS\NAIVEBAYESCLASSIFIER\NAIVEBAYESCLASSIFIER\DEBUG\READER.OBJ
C:\USERS\QING\DOCUMENTS\VISUAL STUDIO 2012\PROJECTS\NAIVEBAYESCLASSIFIER\NAIVEBAYESCLASSIFIER\DEBUG\MAIN.OBJ
C:\USERS\QING\DOCUMENTS\VISUAL STUDIO 2012\PROJECTS\NAIVEBAYESCLASSIFIER\NAIVEBAYESCLASSIFIER\DEBUG\TEST.OBJ
C:\USERS\QING\DOCUMENTS\VISUAL STUDIO 2012\PROJECTS\NAIVEBAYESCLASSIFIER\NAIVEBAYESCLASSIFIER\DEBUG\TOOLS.OBJ
C:\USERS\QING\DOCUMENTS\VISUAL STUDIO 2012\PROJECTS\NAIVEBAYESCLASSIFIER\NAIVEBAYESCLASSIFIER\DEBUG\VC110.PDB
C:\USERS\QING\DOCUMENTS\VISUAL STUDIO 2012\PROJECTS\NAIVEBAYESCLASSIFIER\DEBUG\NAIVEBAYESCLASSIFIER.ILK
C:\USERS\QING\DOCUMENTS\VISUAL STUDIO 2012\PROJECTS\NAIVEBAYESCLASSIFIER\DEBUG\NAIVEBAYESCLASSIFIER.EXE
C:\USERS\QING\DOCUMENTS\VISUAL STUDIO 2012\PROJECTS\NAIVEBAYESCLASSIFIER\DEBUG\NAIVEBAYESCLASSIFIER.PDB
C:\Users\Qing\Documents\Visual Studio 2012\Projects\NaiveBayesClassifier\NaiveBayesClassifier\Debug\AttrClassifier.obj
C:\Users\Qing\Documents\Visual Studio 2012\Projects\NaiveBayesClassifier\NaiveBayesClassifier\Debug\ContinuousAttrClassifier.obj
C:\Users\Qing\Documents\Visual Studio 2012\Projects\NaiveBayesClassifier\NaiveBayesClassifier\Debug\DiscreteAttrClassifier.obj
C:\Users\Qing\Documents\Visual Studio 2012\Projects\NaiveBayesClassifier\NaiveBayesClassifier\Debug\LableClassifier.obj
C:\Users\Qing\Documents\Visual Studio 2012\Projects\NaiveBayesClassifier\NaiveBayesClassifier\Debug\Main.obj
C:\Users\Qing\Documents\Visual Studio 2012\Projects\NaiveBayesClassifier\NaiveBayesClassifier\Debug\Reader.obj
C:\Users\Qing\Documents\Visual Studio 2012\Projects\NaiveBayesClassifier\NaiveBayesClassifier\Debug\Test.obj
C:\Users\Qing\Documents\Visual Studio 2012\Projects\NaiveBayesClassifier\NaiveBayesClassifier\Debug\Tools.obj
C:\Users\Qing\Documents\Visual Studio 2012\Projects\NaiveBayesClassifier\NaiveBayesClassifier\Debug\cl.command.1.tlog
C:\Users\Qing\Documents\Visual Studio 2012\Projects\NaiveBayesClassifier\NaiveBayesClassifier\Debug\CL.read.1.tlog
C:\Users\Qing\Documents\Visual Studio 2012\Projects\NaiveBayesClassifier\NaiveBayesClassifier\Debug\CL.write.1.tlog
C:\Users\Qing\Documents\Visual Studio 2012\Projects\NaiveBayesClassifier\NaiveBayesClassifier\Debug\link-cvtres.read.1.tlog
C:\Users\Qing\Documents\Visual Studio 2012\Projects\NaiveBayesClassifier\NaiveBayesClassifier\Debug\link-cvtres.write.1.tlog
C:\Users\Qing\Documents\Visual Studio 2012\Projects\NaiveBayesClassifier\NaiveBayesClassifier\Debug\link-rc.read.1.tlog
C:\Users\Qing\Documents\Visual Studio 2012\Projects\NaiveBayesClassifier\NaiveBayesClassifier\Debug\link-rc.write.1.tlog
C:\Users\Qing\Documents\Visual Studio 2012\Projects\NaiveBayesClassifier\NaiveBayesClassifier\Debug\link.command.1.tlog
C:\Users\Qing\Documents\Visual Studio 2012\Projects\NaiveBayesClassifier\NaiveBayesClassifier\Debug\link.read.1.tlog
C:\Users\Qing\Documents\Visual Studio 2012\Projects\NaiveBayesClassifier\NaiveBayesClassifier\Debug\link.write.1.tlog
C:\Users\Qing\Documents\Visual Studio 2012\Projects\NaiveBayesClassifier\NaiveBayesClassifier\Debug\vc110.idb
C:\Users\Qing\Documents\Visual Studio 2012\Projects\NaiveBayesClassifier\NaiveBayesClassifier\Debug\vc110.pdb
C:\Users\Qing\Documents\Visual Studio 2012\Projects\NaiveBayesClassifier\Debug\NaiveBayesClassifier.pdb
C:\Users\Qing\Documents\Visual Studio 2012\Projects\NaiveBayesClassifier\Debug\NaiveBayesClassifier.exe
C:\Users\Qing\Documents\Visual Studio 2012\Projects\NaiveBayesClassifier\Debug\NaiveBayesClassifier.ilk
